Virtual User Script started at: 01.08.2020 9:07:45
Starting action vuser_init.
Web Turbo Replay of LoadRunner 12.55.0 for Windows 10; build 911 (июл 24 2017 19:46:00)  	[MsgId: MMSG-26983]
Run mode: HTML  	[MsgId: MMSG-26993]
Replay user agent: Mozilla/5.0 (Windows NT 10.0; WOW64; Trident/7.0; rv:11.0) like Gecko  	[MsgId: MMSG-26988]
Run-Time Settings file: "C:\Users\Николай\Documents\VuGen\Scripts\06_delete_ticket\\default.cfg"  	[MsgId: MMSG-27141]
Ending action vuser_init.
Running Vuser...
Starting iteration 1.
Maximum number of concurrent connections per server: 6  	[MsgId: MMSG-26989]
Starting action Action.
Action.c(4): Notify: Transaction "06_delete_ticket" started.
Action.c(6): web_reg_save_param_ex started  	[MsgId: MMSG-26355]
Action.c(6): Registering web_reg_save_param_ex was successful  	[MsgId: MMSG-26390]
Action.c(14): Notify: Transaction "main_page" started.
Action.c(16): web_reg_find started  	[MsgId: MMSG-26355]
Action.c(16): Registering web_reg_find was successful  	[MsgId: MMSG-26390]
Action.c(19): web_url("WebTours") started  	[MsgId: MMSG-26355]
Action.c(19): Detected non-resource "http://localhost:1080/WebTours/header.html" in "http://localhost:1080/WebTours/"  	[MsgId: MMSG-26574]
Action.c(19): Detected non-resource "http://localhost:1080/cgi-bin/welcome.pl?signOff=true" in "http://localhost:1080/WebTours/"  	[MsgId: MMSG-26574]
Action.c(19): Found resource "http://localhost:1080/WebTours/images/hp_logo.png" in HTML "http://localhost:1080/WebTours/header.html"  	[MsgId: MMSG-26659]
Action.c(19): Found resource "http://localhost:1080/WebTours/images/webtours.png" in HTML "http://localhost:1080/WebTours/header.html"  	[MsgId: MMSG-26659]
Action.c(19): Detected non-resource "http://localhost:1080/cgi-bin/nav.pl?in=home" in "http://localhost:1080/cgi-bin/welcome.pl?signOff=true"  	[MsgId: MMSG-26574]
Action.c(19): Detected non-resource "http://localhost:1080/WebTours/home.html" in "http://localhost:1080/cgi-bin/welcome.pl?signOff=true"  	[MsgId: MMSG-26574]
Action.c(19): Notify: Saving Parameter "userSession = 129304.339003645zzfVAQVpQDHfDQQAzpffVzcf".
Action.c(19): Found resource "http://localhost:1080/WebTours/images/mer_login.gif" in HTML "http://localhost:1080/cgi-bin/nav.pl?in=home"  	[MsgId: MMSG-26659]
Action.c(19): Registered web_reg_find successful for "Text= A Session ID has been created and loaded" (count=1)  	[MsgId: MMSG-26364]
Action.c(19): web_url("WebTours") was successful, 10076 body bytes, 2371 header bytes, 24 chunking overhead bytes  	[MsgId: MMSG-26385]
Action.c(29): Notify: Transaction "main_page" ended with a "Pass" status (Duration: 0.2124 Wasted Time: 0.1176).
Action.c(33): Notify: Transaction "login" started.
Action.c(35): web_reg_find started  	[MsgId: MMSG-26355]
Action.c(35): Registering web_reg_find was successful  	[MsgId: MMSG-26390]
Action.c(38): web_submit_data("login.pl") started  	[MsgId: MMSG-26355]
Action.c(38): Notify: Parameter Substitution: parameter "userSession" =  "129304.339003645zzfVAQVpQDHfDQQAzpffVzcf"
Action.c(38): Notify: Parameter Substitution: parameter "login" =  "jojo"
Action.c(38): Notify: Next row for parameter password = 1 [table  = password].
Action.c(38): Notify: Parameter Substitution: parameter "password" =  "bean"
Action.c(38): Detected non-resource "http://localhost:1080/cgi-bin/nav.pl?page=menu&in=home" in "http://localhost:1080/cgi-bin/login.pl"  	[MsgId: MMSG-26574]
Action.c(38): Detected non-resource "http://localhost:1080/cgi-bin/login.pl?intro=true" in "http://localhost:1080/cgi-bin/login.pl"  	[MsgId: MMSG-26574]
Action.c(38): Found resource "http://localhost:1080/WebTours/images/flights.gif" in HTML "http://localhost:1080/cgi-bin/nav.pl?page=menu&in=home"  	[MsgId: MMSG-26659]
Action.c(38): Found resource "http://localhost:1080/WebTours/images/itinerary.gif" in HTML "http://localhost:1080/cgi-bin/nav.pl?page=menu&in=home"  	[MsgId: MMSG-26659]
Action.c(38): Found resource "http://localhost:1080/WebTours/images/in_home.gif" in HTML "http://localhost:1080/cgi-bin/nav.pl?page=menu&in=home"  	[MsgId: MMSG-26659]
Action.c(38): Found resource "http://localhost:1080/WebTours/images/signoff.gif" in HTML "http://localhost:1080/cgi-bin/nav.pl?page=menu&in=home"  	[MsgId: MMSG-26659]
Action.c(38): Registered web_reg_find successful for "Text=User password was correct" (count=1)  	[MsgId: MMSG-26364]
Action.c(38): web_submit_data("login.pl") was successful, 5779 body bytes, 2051 header bytes, 36 chunking overhead bytes  	[MsgId: MMSG-26385]
Action.c(55): Notify: Transaction "login" ended with a "Pass" status (Duration: 0,1430 Wasted Time: 0,0415).
Action.c(59): Notify: Transaction "click_itinerary_button" started.
Action.c(61): web_reg_save_param started  	[MsgId: MMSG-26355]
Action.c(61): Registering web_reg_save_param was successful  	[MsgId: MMSG-26390]
Action.c(68): web_url("Itinerary Button") started  	[MsgId: MMSG-26355]
Action.c(68): Detected non-resource "http://localhost:1080/cgi-bin/nav.pl?page=menu&in=itinerary" in "http://localhost:1080/cgi-bin/welcome.pl?page=itinerary"  	[MsgId: MMSG-26574]
Action.c(68): Detected non-resource "http://localhost:1080/cgi-bin/itinerary.pl" in "http://localhost:1080/cgi-bin/welcome.pl?page=itinerary"  	[MsgId: MMSG-26574]
Action.c(68): Resource "http://localhost:1080/WebTours/images/flights.gif" is in the cache already and will not be downloaded again  	[MsgId: MMSG-26655]
Action.c(68): Found resource "http://localhost:1080/WebTours/images/in_itinerary.gif" in HTML "http://localhost:1080/cgi-bin/nav.pl?page=menu&in=itinerary"  	[MsgId: MMSG-26659]
Action.c(68): Found resource "http://localhost:1080/WebTours/images/home.gif" in HTML "http://localhost:1080/cgi-bin/nav.pl?page=menu&in=itinerary"  	[MsgId: MMSG-26659]
Action.c(68): Resource "http://localhost:1080/WebTours/images/signoff.gif" is in the cache already and will not be downloaded again  	[MsgId: MMSG-26655]
Action.c(68): Warning -26377: No match found for the requested parameter "f_ID". Either the specified boundaries were not found in the response or the matched text is longer than current max html parameter size of 256 bytes. The total length of the response is 4381 bytes. You can use "web_set_max_html_param_len" to increase the max parameter size.  	[MsgId: MWAR-26377]
Action.c(68): Notify: Saving Parameter "f_ID_count = 0".
Action.c(68): web_url("Itinerary Button") highest severity level was "warning", 4381 body bytes, 1319 header bytes, 36 chunking overhead bytes  	[MsgId: MMSG-26387]
Action.c(78): Notify: Transaction "click_itinerary_button" ended with a "Pass" status (Duration: 0.1276 Wasted Time: 0.0342).
Action.c(82): Notify: Parameter Substitution: parameter "f_ID_count" =  "0"
Action.c(105): Notify: Transaction "logout" started.
Action.c(107): web_reg_find started  	[MsgId: MMSG-26355]
Action.c(107): Registering web_reg_find was successful  	[MsgId: MMSG-26390]
Action.c(110): web_url("SignOff Button") started  	[MsgId: MMSG-26355]
Action.c(110): Detected non-resource "http://localhost:1080/cgi-bin/nav.pl?in=home" in "http://localhost:1080/cgi-bin/welcome.pl?signOff=1"  	[MsgId: MMSG-26574]
Action.c(110): Detected non-resource "http://localhost:1080/WebTours/home.html" in "http://localhost:1080/cgi-bin/welcome.pl?signOff=1"  	[MsgId: MMSG-26574]
Action.c(110): Retrieving data from cache for "http://localhost:1080/WebTours/home.html"  	[MsgId: MMSG-26558]
Action.c(110): Resource "http://localhost:1080/WebTours/images/mer_login.gif" is in the cache already and will not be downloaded again  	[MsgId: MMSG-26655]
Action.c(110): Registered web_reg_find successful for "Text= A Session ID has been created" (count=1)  	[MsgId: MMSG-26364]
Action.c(110): web_url("SignOff Button") was successful, 2174 body bytes, 582 header bytes, 24 chunking overhead bytes  	[MsgId: MMSG-26385]
Action.c(120): Notify: Transaction "logout" ended with a "Pass" status (Duration: 0.1272 Wasted Time: 0.0307).
Action.c(122): Notify: Transaction "06_delete_ticket" ended with a "Pass" status (Duration: 0.6541 Wasted Time: 0.2244).
Ending action Action.
Ending iteration 1.
Ending Vuser...
Starting action vuser_end.
Ending action vuser_end.
Vuser Terminated.
Vuser 0 (thread 7432), ended OK."
